<?xml version="1.0" encoding="UTF-8"?>
<testsuite xmlns:xsi="http://www.w3.org/2001/XMLSchema-instance" xsi:noNamespaceSchemaLocation="https://maven.apache.org/surefire/maven-surefire-plugin/xsd/surefire-test-report-3.0.xsd" version="3.0" name="studio.ksprateek.service.ServiceApplicationTests" time="5.533" tests="1" errors="0" skipped="0" failures="0">
  <properties>
    <property name="java.specification.version" value="21"/>
    <property name="sun.jnu.encoding" value="UTF-8"/>
    <property name="java.class.path" value="/home/ksprateek/Documents/SpringBootProject/spring-boot-external-projects/SIH-Finale-Dev/backend-server/target/test-classes:/home/ksprateek/Documents/SpringBootProject/spring-boot-external-projects/SIH-Finale-Dev/backend-server/target/classes:/home/ksprateek/.m2/repository/org/springframework/boot/spring-boot-starter-data-mongodb/3.3.5/spring-boot-starter-data-mongodb-3.3.5.jar:/home/ksprateek/.m2/repository/org/springframework/boot/spring-boot-starter/3.3.5/spring-boot-starter-3.3.5.jar:/home/ksprateek/.m2/repository/org/springframework/boot/spring-boot-starter-logging/3.3.5/spring-boot-starter-logging-3.3.5.jar:/home/ksprateek/.m2/repository/ch/qos/logback/logback-classic/1.5.11/logback-classic-1.5.11.jar:/home/ksprateek/.m2/repository/ch/qos/logback/logback-core/1.5.11/logback-core-1.5.11.jar:/home/ksprateek/.m2/repository/org/apache/logging/log4j/log4j-to-slf4j/2.23.1/log4j-to-slf4j-2.23.1.jar:/home/ksprateek/.m2/repository/org/apache/logging/log4j/log4j-api/2.23.1/log4j-api-2.23.1.jar:/home/ksprateek/.m2/repository/org/slf4j/jul-to-slf4j/2.0.16/jul-to-slf4j-2.0.16.jar:/home/ksprateek/.m2/repository/jakarta/annotation/jakarta.annotation-api/2.1.1/jakarta.annotation-api-2.1.1.jar:/home/ksprateek/.m2/repository/org/yaml/snakeyaml/2.2/snakeyaml-2.2.jar:/home/ksprateek/.m2/repository/org/mongodb/mongodb-driver-sync/5.0.1/mongodb-driver-sync-5.0.1.jar:/home/ksprateek/.m2/repository/org/mongodb/bson/5.0.1/bson-5.0.1.jar:/home/ksprateek/.m2/repository/org/mongodb/mongodb-driver-core/5.0.1/mongodb-driver-core-5.0.1.jar:/home/ksprateek/.m2/repository/org/mongodb/bson-record-codec/5.0.1/bson-record-codec-5.0.1.jar:/home/ksprateek/.m2/repository/org/springframework/data/spring-data-mongodb/4.3.5/spring-data-mongodb-4.3.5.jar:/home/ksprateek/.m2/repository/org/springframework/spring-tx/6.1.14/spring-tx-6.1.14.jar:/home/ksprateek/.m2/repository/org/springframework/spring-context/6.1.14/spring-context-6.1.14.jar:/home/ksprateek/.m2/repository/org/springframework/spring-beans/6.1.14/spring-beans-6.1.14.jar:/home/ksprateek/.m2/repository/org/springframework/spring-expression/6.1.14/spring-expression-6.1.14.jar:/home/ksprateek/.m2/repository/org/springframework/data/spring-data-commons/3.3.5/spring-data-commons-3.3.5.jar:/home/ksprateek/.m2/repository/org/slf4j/slf4j-api/2.0.16/slf4j-api-2.0.16.jar:/home/ksprateek/.m2/repository/org/springframework/boot/spring-boot-starter-web/3.3.5/spring-boot-starter-web-3.3.5.jar:/home/ksprateek/.m2/repository/org/springframework/boot/spring-boot-starter-json/3.3.5/spring-boot-starter-json-3.3.5.jar:/home/ksprateek/.m2/repository/com/fasterxml/jackson/datatype/jackson-datatype-jdk8/2.17.2/jackson-datatype-jdk8-2.17.2.jar:/home/ksprateek/.m2/repository/com/fasterxml/jackson/datatype/jackson-datatype-jsr310/2.17.2/jackson-datatype-jsr310-2.17.2.jar:/home/ksprateek/.m2/repository/com/fasterxml/jackson/module/jackson-module-parameter-names/2.17.2/jackson-module-parameter-names-2.17.2.jar:/home/ksprateek/.m2/repository/org/springframework/boot/spring-boot-starter-tomcat/3.3.5/spring-boot-starter-tomcat-3.3.5.jar:/home/ksprateek/.m2/repository/org/apache/tomcat/embed/tomcat-embed-core/10.1.31/tomcat-embed-core-10.1.31.jar:/home/ksprateek/.m2/repository/org/apache/tomcat/embed/tomcat-embed-websocket/10.1.31/tomcat-embed-websocket-10.1.31.jar:/home/ksprateek/.m2/repository/org/springframework/spring-web/6.1.14/spring-web-6.1.14.jar:/home/ksprateek/.m2/repository/io/micrometer/micrometer-observation/1.13.6/micrometer-observation-1.13.6.jar:/home/ksprateek/.m2/repository/io/micrometer/micrometer-commons/1.13.6/micrometer-commons-1.13.6.jar:/home/ksprateek/.m2/repository/org/springframework/spring-webmvc/6.1.14/spring-webmvc-6.1.14.jar:/home/ksprateek/.m2/repository/org/springframework/boot/spring-boot-starter-validation/3.3.5/spring-boot-starter-validation-3.3.5.jar:/home/ksprateek/.m2/repository/org/apache/tomcat/embed/tomcat-embed-el/10.1.31/tomcat-embed-el-10.1.31.jar:/home/ksprateek/.m2/repository/org/hibernate/validator/hibernate-validator/8.0.1.Final/hibernate-validator-8.0.1.Final.jar:/home/ksprateek/.m2/repository/jakarta/validation/jakarta.validation-api/3.0.2/jakarta.validation-api-3.0.2.jar:/home/ksprateek/.m2/repository/org/jboss/logging/jboss-logging/3.5.3.Final/jboss-logging-3.5.3.Final.jar:/home/ksprateek/.m2/repository/com/fasterxml/classmate/1.7.0/classmate-1.7.0.jar:/home/ksprateek/.m2/repository/org/junit/jupiter/junit-jupiter-api/5.9.3/junit-jupiter-api-5.9.3.jar:/home/ksprateek/.m2/repository/org/opentest4j/opentest4j/1.2.0/opentest4j-1.2.0.jar:/home/ksprateek/.m2/repository/org/junit/platform/junit-platform-commons/1.10.5/junit-platform-commons-1.10.5.jar:/home/ksprateek/.m2/repository/org/apiguardian/apiguardian-api/1.1.2/apiguardian-api-1.1.2.jar:/home/ksprateek/.m2/repository/org/junit/jupiter/junit-jupiter-engine/5.9.3/junit-jupiter-engine-5.9.3.jar:/home/ksprateek/.m2/repository/org/junit/platform/junit-platform-engine/1.10.5/junit-platform-engine-1.10.5.jar:/home/ksprateek/.m2/repository/org/springframework/boot/spring-boot-starter-test/3.3.5/spring-boot-starter-test-3.3.5.jar:/home/ksprateek/.m2/repository/org/springframework/boot/spring-boot-test/3.3.5/spring-boot-test-3.3.5.jar:/home/ksprateek/.m2/repository/org/springframework/boot/spring-boot-test-autoconfigure/3.3.5/spring-boot-test-autoconfigure-3.3.5.jar:/home/ksprateek/.m2/repository/com/jayway/jsonpath/json-path/2.9.0/json-path-2.9.0.jar:/home/ksprateek/.m2/repository/jakarta/xml/bind/jakarta.xml.bind-api/4.0.2/jakarta.xml.bind-api-4.0.2.jar:/home/ksprateek/.m2/repository/jakarta/activation/jakarta.activation-api/2.1.3/jakarta.activation-api-2.1.3.jar:/home/ksprateek/.m2/repository/net/minidev/json-smart/2.5.1/json-smart-2.5.1.jar:/home/ksprateek/.m2/repository/net/minidev/accessors-smart/2.5.1/accessors-smart-2.5.1.jar:/home/ksprateek/.m2/repository/org/ow2/asm/asm/9.6/asm-9.6.jar:/home/ksprateek/.m2/repository/org/assertj/assertj-core/3.25.3/assertj-core-3.25.3.jar:/home/ksprateek/.m2/repository/net/bytebuddy/byte-buddy/1.14.19/byte-buddy-1.14.19.jar:/home/ksprateek/.m2/repository/org/awaitility/awaitility/4.2.2/awaitility-4.2.2.jar:/home/ksprateek/.m2/repository/org/hamcrest/hamcrest/2.2/hamcrest-2.2.jar:/home/ksprateek/.m2/repository/org/junit/jupiter/junit-jupiter/5.10.5/junit-jupiter-5.10.5.jar:/home/ksprateek/.m2/repository/org/junit/jupiter/junit-jupiter-params/5.10.5/junit-jupiter-params-5.10.5.jar:/home/ksprateek/.m2/repository/org/mockito/mockito-core/5.11.0/mockito-core-5.11.0.jar:/home/ksprateek/.m2/repository/net/bytebuddy/byte-buddy-agent/1.14.19/byte-buddy-agent-1.14.19.jar:/home/ksprateek/.m2/repository/org/objenesis/objenesis/3.3/objenesis-3.3.jar:/home/ksprateek/.m2/repository/org/mockito/mockito-junit-jupiter/5.11.0/mockito-junit-jupiter-5.11.0.jar:/home/ksprateek/.m2/repository/org/skyscreamer/jsonassert/1.5.3/jsonassert-1.5.3.jar:/home/ksprateek/.m2/repository/com/vaadin/external/google/android-json/0.0.20131108.vaadin1/android-json-0.0.20131108.vaadin1.jar:/home/ksprateek/.m2/repository/org/springframework/spring-core/6.1.14/spring-core-6.1.14.jar:/home/ksprateek/.m2/repository/org/springframework/spring-jcl/6.1.14/spring-jcl-6.1.14.jar:/home/ksprateek/.m2/repository/org/springframework/spring-test/6.1.14/spring-test-6.1.14.jar:/home/ksprateek/.m2/repository/org/xmlunit/xmlunit-core/2.9.1/xmlunit-core-2.9.1.jar:/home/ksprateek/.m2/repository/org/projectlombok/lombok/1.18.34/lombok-1.18.34.jar:/home/ksprateek/.m2/repository/org/springframework/boot/spring-boot-devtools/3.3.5/spring-boot-devtools-3.3.5.jar:/home/ksprateek/.m2/repository/org/springframework/boot/spring-boot/3.3.5/spring-boot-3.3.5.jar:/home/ksprateek/.m2/repository/org/springframework/boot/spring-boot-autoconfigure/3.3.5/spring-boot-autoconfigure-3.3.5.jar:/home/ksprateek/.m2/repository/org/springdoc/springdoc-openapi-starter-webmvc-ui/2.6.0/springdoc-openapi-starter-webmvc-ui-2.6.0.jar:/home/ksprateek/.m2/repository/org/springdoc/springdoc-openapi-starter-webmvc-api/2.6.0/springdoc-openapi-starter-webmvc-api-2.6.0.jar:/home/ksprateek/.m2/repository/org/springdoc/springdoc-openapi-starter-common/2.6.0/springdoc-openapi-starter-common-2.6.0.jar:/home/ksprateek/.m2/repository/io/swagger/core/v3/swagger-core-jakarta/2.2.22/swagger-core-jakarta-2.2.22.jar:/home/ksprateek/.m2/repository/org/apache/commons/commons-lang3/3.14.0/commons-lang3-3.14.0.jar:/home/ksprateek/.m2/repository/io/swagger/core/v3/swagger-annotations-jakarta/2.2.22/swagger-annotations-jakarta-2.2.22.jar:/home/ksprateek/.m2/repository/io/swagger/core/v3/swagger-models-jakarta/2.2.22/swagger-models-jakarta-2.2.22.jar:/home/ksprateek/.m2/repository/com/fasterxml/jackson/dataformat/jackson-dataformat-yaml/2.17.2/jackson-dataformat-yaml-2.17.2.jar:/home/ksprateek/.m2/repository/org/webjars/swagger-ui/5.17.14/swagger-ui-5.17.14.jar:/home/ksprateek/.m2/repository/org/springframework/boot/spring-boot-starter-security/3.3.5/spring-boot-starter-security-3.3.5.jar:/home/ksprateek/.m2/repository/org/springframework/spring-aop/6.1.14/spring-aop-6.1.14.jar:/home/ksprateek/.m2/repository/org/springframework/security/spring-security-config/6.3.4/spring-security-config-6.3.4.jar:/home/ksprateek/.m2/repository/org/springframework/security/spring-security-web/6.3.4/spring-security-web-6.3.4.jar:/home/ksprateek/.m2/repository/org/springframework/security/spring-security-test/6.3.4/spring-security-test-6.3.4.jar:/home/ksprateek/.m2/repository/org/springframework/security/spring-security-core/6.3.4/spring-security-core-6.3.4.jar:/home/ksprateek/.m2/repository/org/springframework/security/spring-security-crypto/6.3.4/spring-security-crypto-6.3.4.jar:/home/ksprateek/.m2/repository/io/jsonwebtoken/jjwt-api/0.11.5/jjwt-api-0.11.5.jar:/home/ksprateek/.m2/repository/io/jsonwebtoken/jjwt-impl/0.11.5/jjwt-impl-0.11.5.jar:/home/ksprateek/.m2/repository/io/jsonwebtoken/jjwt-jackson/0.11.5/jjwt-jackson-0.11.5.jar:/home/ksprateek/.m2/repository/com/fasterxml/jackson/core/jackson-databind/2.17.2/jackson-databind-2.17.2.jar:/home/ksprateek/.m2/repository/com/fasterxml/jackson/core/jackson-annotations/2.17.2/jackson-annotations-2.17.2.jar:/home/ksprateek/.m2/repository/com/fasterxml/jackson/core/jackson-core/2.17.2/jackson-core-2.17.2.jar:/home/ksprateek/.m2/repository/me/paulschwarz/spring-dotenv/2.5.4/spring-dotenv-2.5.4.jar:/home/ksprateek/.m2/repository/io/github/cdimascio/dotenv-java/2.2.3/dotenv-java-2.2.3.jar:/home/ksprateek/.m2/repository/org/springframework/boot/spring-boot-starter-mail/3.3.5/spring-boot-starter-mail-3.3.5.jar:/home/ksprateek/.m2/repository/org/springframework/spring-context-support/6.1.14/spring-context-support-6.1.14.jar:/home/ksprateek/.m2/repository/org/eclipse/angus/jakarta.mail/2.0.3/jakarta.mail-2.0.3.jar:/home/ksprateek/.m2/repository/org/eclipse/angus/angus-activation/2.0.2/angus-activation-2.0.2.jar:/home/ksprateek/.m2/repository/com/amazonaws/aws-java-sdk-sts/1.12.778/aws-java-sdk-sts-1.12.778.jar:/home/ksprateek/.m2/repository/com/amazonaws/aws-java-sdk-core/1.12.778/aws-java-sdk-core-1.12.778.jar:/home/ksprateek/.m2/repository/commons-logging/commons-logging/1.1.3/commons-logging-1.1.3.jar:/home/ksprateek/.m2/repository/commons-codec/commons-codec/1.16.1/commons-codec-1.16.1.jar:/home/ksprateek/.m2/repository/org/apache/httpcomponents/httpclient/4.5.13/httpclient-4.5.13.jar:/home/ksprateek/.m2/repository/org/apache/httpcomponents/httpcore/4.4.16/httpcore-4.4.16.jar:/home/ksprateek/.m2/repository/com/fasterxml/jackson/dataformat/jackson-dataformat-cbor/2.17.2/jackson-dataformat-cbor-2.17.2.jar:/home/ksprateek/.m2/repository/joda-time/joda-time/2.12.7/joda-time-2.12.7.jar:/home/ksprateek/.m2/repository/com/amazonaws/jmespath-java/1.12.778/jmespath-java-1.12.778.jar:/home/ksprateek/.m2/repository/com/amazonaws/aws-java-sdk-s3/1.11.759/aws-java-sdk-s3-1.11.759.jar:/home/ksprateek/.m2/repository/com/amazonaws/aws-java-sdk-kms/1.11.759/aws-java-sdk-kms-1.11.759.jar:/home/ksprateek/.m2/repository/com/amazonaws/aws-java-sdk-transcribe/1.11.759/aws-java-sdk-transcribe-1.11.759.jar:"/>
    <property name="java.vm.vendor" value="Oracle Corporation"/>
    <property name="sun.arch.data.model" value="64"/>
    <property name="java.vendor.url" value="https://java.oracle.com/"/>
    <property name="user.timezone" value="Asia/Kolkata"/>
    <property name="org.jboss.logging.provider" value="slf4j"/>
    <property name="os.name" value="Linux"/>
    <property name="java.vm.specification.version" value="21"/>
    <property name="sun.java.launcher" value="SUN_STANDARD"/>
    <property name="user.country" value="IN"/>
    <property name="sun.boot.library.path" value="/usr/lib/jvm/jdk-21-oracle-x64/lib"/>
    <property name="sun.java.command" value="/home/ksprateek/Documents/SpringBootProject/spring-boot-external-projects/SIH-Finale-Dev/backend-server/target/surefire/surefirebooter-20241121211533678_3.jar /home/ksprateek/Documents/SpringBootProject/spring-boot-external-projects/SIH-Finale-Dev/backend-server/target/surefire 2024-11-21T21-15-33_555-jvmRun1 surefire-20241121211533678_1tmp surefire_0-20241121211533678_2tmp"/>
    <property name="jdk.debug" value="release"/>
    <property name="surefire.test.class.path" value="/home/ksprateek/Documents/SpringBootProject/spring-boot-external-projects/SIH-Finale-Dev/backend-server/target/test-classes:/home/ksprateek/Documents/SpringBootProject/spring-boot-external-projects/SIH-Finale-Dev/backend-server/target/classes:/home/ksprateek/.m2/repository/org/springframework/boot/spring-boot-starter-data-mongodb/3.3.5/spring-boot-starter-data-mongodb-3.3.5.jar:/home/ksprateek/.m2/repository/org/springframework/boot/spring-boot-starter/3.3.5/spring-boot-starter-3.3.5.jar:/home/ksprateek/.m2/repository/org/springframework/boot/spring-boot-starter-logging/3.3.5/spring-boot-starter-logging-3.3.5.jar:/home/ksprateek/.m2/repository/ch/qos/logback/logback-classic/1.5.11/logback-classic-1.5.11.jar:/home/ksprateek/.m2/repository/ch/qos/logback/logback-core/1.5.11/logback-core-1.5.11.jar:/home/ksprateek/.m2/repository/org/apache/logging/log4j/log4j-to-slf4j/2.23.1/log4j-to-slf4j-2.23.1.jar:/home/ksprateek/.m2/repository/org/apache/logging/log4j/log4j-api/2.23.1/log4j-api-2.23.1.jar:/home/ksprateek/.m2/repository/org/slf4j/jul-to-slf4j/2.0.16/jul-to-slf4j-2.0.16.jar:/home/ksprateek/.m2/repository/jakarta/annotation/jakarta.annotation-api/2.1.1/jakarta.annotation-api-2.1.1.jar:/home/ksprateek/.m2/repository/org/yaml/snakeyaml/2.2/snakeyaml-2.2.jar:/home/ksprateek/.m2/repository/org/mongodb/mongodb-driver-sync/5.0.1/mongodb-driver-sync-5.0.1.jar:/home/ksprateek/.m2/repository/org/mongodb/bson/5.0.1/bson-5.0.1.jar:/home/ksprateek/.m2/repository/org/mongodb/mongodb-driver-core/5.0.1/mongodb-driver-core-5.0.1.jar:/home/ksprateek/.m2/repository/org/mongodb/bson-record-codec/5.0.1/bson-record-codec-5.0.1.jar:/home/ksprateek/.m2/repository/org/springframework/data/spring-data-mongodb/4.3.5/spring-data-mongodb-4.3.5.jar:/home/ksprateek/.m2/repository/org/springframework/spring-tx/6.1.14/spring-tx-6.1.14.jar:/home/ksprateek/.m2/repository/org/springframework/spring-context/6.1.14/spring-context-6.1.14.jar:/home/ksprateek/.m2/repository/org/springframework/spring-beans/6.1.14/spring-beans-6.1.14.jar:/home/ksprateek/.m2/repository/org/springframework/spring-expression/6.1.14/spring-expression-6.1.14.jar:/home/ksprateek/.m2/repository/org/springframework/data/spring-data-commons/3.3.5/spring-data-commons-3.3.5.jar:/home/ksprateek/.m2/repository/org/slf4j/slf4j-api/2.0.16/slf4j-api-2.0.16.jar:/home/ksprateek/.m2/repository/org/springframework/boot/spring-boot-starter-web/3.3.5/spring-boot-starter-web-3.3.5.jar:/home/ksprateek/.m2/repository/org/springframework/boot/spring-boot-starter-json/3.3.5/spring-boot-starter-json-3.3.5.jar:/home/ksprateek/.m2/repository/com/fasterxml/jackson/datatype/jackson-datatype-jdk8/2.17.2/jackson-datatype-jdk8-2.17.2.jar:/home/ksprateek/.m2/repository/com/fasterxml/jackson/datatype/jackson-datatype-jsr310/2.17.2/jackson-datatype-jsr310-2.17.2.jar:/home/ksprateek/.m2/repository/com/fasterxml/jackson/module/jackson-module-parameter-names/2.17.2/jackson-module-parameter-names-2.17.2.jar:/home/ksprateek/.m2/repository/org/springframework/boot/spring-boot-starter-tomcat/3.3.5/spring-boot-starter-tomcat-3.3.5.jar:/home/ksprateek/.m2/repository/org/apache/tomcat/embed/tomcat-embed-core/10.1.31/tomcat-embed-core-10.1.31.jar:/home/ksprateek/.m2/repository/org/apache/tomcat/embed/tomcat-embed-websocket/10.1.31/tomcat-embed-websocket-10.1.31.jar:/home/ksprateek/.m2/repository/org/springframework/spring-web/6.1.14/spring-web-6.1.14.jar:/home/ksprateek/.m2/repository/io/micrometer/micrometer-observation/1.13.6/micrometer-observation-1.13.6.jar:/home/ksprateek/.m2/repository/io/micrometer/micrometer-commons/1.13.6/micrometer-commons-1.13.6.jar:/home/ksprateek/.m2/repository/org/springframework/spring-webmvc/6.1.14/spring-webmvc-6.1.14.jar:/home/ksprateek/.m2/repository/org/springframework/boot/spring-boot-starter-validation/3.3.5/spring-boot-starter-validation-3.3.5.jar:/home/ksprateek/.m2/repository/org/apache/tomcat/embed/tomcat-embed-el/10.1.31/tomcat-embed-el-10.1.31.jar:/home/ksprateek/.m2/repository/org/hibernate/validator/hibernate-validator/8.0.1.Final/hibernate-validator-8.0.1.Final.jar:/home/ksprateek/.m2/repository/jakarta/validation/jakarta.validation-api/3.0.2/jakarta.validation-api-3.0.2.jar:/home/ksprateek/.m2/repository/org/jboss/logging/jboss-logging/3.5.3.Final/jboss-logging-3.5.3.Final.jar:/home/ksprateek/.m2/repository/com/fasterxml/classmate/1.7.0/classmate-1.7.0.jar:/home/ksprateek/.m2/repository/org/junit/jupiter/junit-jupiter-api/5.9.3/junit-jupiter-api-5.9.3.jar:/home/ksprateek/.m2/repository/org/opentest4j/opentest4j/1.2.0/opentest4j-1.2.0.jar:/home/ksprateek/.m2/repository/org/junit/platform/junit-platform-commons/1.10.5/junit-platform-commons-1.10.5.jar:/home/ksprateek/.m2/repository/org/apiguardian/apiguardian-api/1.1.2/apiguardian-api-1.1.2.jar:/home/ksprateek/.m2/repository/org/junit/jupiter/junit-jupiter-engine/5.9.3/junit-jupiter-engine-5.9.3.jar:/home/ksprateek/.m2/repository/org/junit/platform/junit-platform-engine/1.10.5/junit-platform-engine-1.10.5.jar:/home/ksprateek/.m2/repository/org/springframework/boot/spring-boot-starter-test/3.3.5/spring-boot-starter-test-3.3.5.jar:/home/ksprateek/.m2/repository/org/springframework/boot/spring-boot-test/3.3.5/spring-boot-test-3.3.5.jar:/home/ksprateek/.m2/repository/org/springframework/boot/spring-boot-test-autoconfigure/3.3.5/spring-boot-test-autoconfigure-3.3.5.jar:/home/ksprateek/.m2/repository/com/jayway/jsonpath/json-path/2.9.0/json-path-2.9.0.jar:/home/ksprateek/.m2/repository/jakarta/xml/bind/jakarta.xml.bind-api/4.0.2/jakarta.xml.bind-api-4.0.2.jar:/home/ksprateek/.m2/repository/jakarta/activation/jakarta.activation-api/2.1.3/jakarta.activation-api-2.1.3.jar:/home/ksprateek/.m2/repository/net/minidev/json-smart/2.5.1/json-smart-2.5.1.jar:/home/ksprateek/.m2/repository/net/minidev/accessors-smart/2.5.1/accessors-smart-2.5.1.jar:/home/ksprateek/.m2/repository/org/ow2/asm/asm/9.6/asm-9.6.jar:/home/ksprateek/.m2/repository/org/assertj/assertj-core/3.25.3/assertj-core-3.25.3.jar:/home/ksprateek/.m2/repository/net/bytebuddy/byte-buddy/1.14.19/byte-buddy-1.14.19.jar:/home/ksprateek/.m2/repository/org/awaitility/awaitility/4.2.2/awaitility-4.2.2.jar:/home/ksprateek/.m2/repository/org/hamcrest/hamcrest/2.2/hamcrest-2.2.jar:/home/ksprateek/.m2/repository/org/junit/jupiter/junit-jupiter/5.10.5/junit-jupiter-5.10.5.jar:/home/ksprateek/.m2/repository/org/junit/jupiter/junit-jupiter-params/5.10.5/junit-jupiter-params-5.10.5.jar:/home/ksprateek/.m2/repository/org/mockito/mockito-core/5.11.0/mockito-core-5.11.0.jar:/home/ksprateek/.m2/repository/net/bytebuddy/byte-buddy-agent/1.14.19/byte-buddy-agent-1.14.19.jar:/home/ksprateek/.m2/repository/org/objenesis/objenesis/3.3/objenesis-3.3.jar:/home/ksprateek/.m2/repository/org/mockito/mockito-junit-jupiter/5.11.0/mockito-junit-jupiter-5.11.0.jar:/home/ksprateek/.m2/repository/org/skyscreamer/jsonassert/1.5.3/jsonassert-1.5.3.jar:/home/ksprateek/.m2/repository/com/vaadin/external/google/android-json/0.0.20131108.vaadin1/android-json-0.0.20131108.vaadin1.jar:/home/ksprateek/.m2/repository/org/springframework/spring-core/6.1.14/spring-core-6.1.14.jar:/home/ksprateek/.m2/repository/org/springframework/spring-jcl/6.1.14/spring-jcl-6.1.14.jar:/home/ksprateek/.m2/repository/org/springframework/spring-test/6.1.14/spring-test-6.1.14.jar:/home/ksprateek/.m2/repository/org/xmlunit/xmlunit-core/2.9.1/xmlunit-core-2.9.1.jar:/home/ksprateek/.m2/repository/org/projectlombok/lombok/1.18.34/lombok-1.18.34.jar:/home/ksprateek/.m2/repository/org/springframework/boot/spring-boot-devtools/3.3.5/spring-boot-devtools-3.3.5.jar:/home/ksprateek/.m2/repository/org/springframework/boot/spring-boot/3.3.5/spring-boot-3.3.5.jar:/home/ksprateek/.m2/repository/org/springframework/boot/spring-boot-autoconfigure/3.3.5/spring-boot-autoconfigure-3.3.5.jar:/home/ksprateek/.m2/repository/org/springdoc/springdoc-openapi-starter-webmvc-ui/2.6.0/springdoc-openapi-starter-webmvc-ui-2.6.0.jar:/home/ksprateek/.m2/repository/org/springdoc/springdoc-openapi-starter-webmvc-api/2.6.0/springdoc-openapi-starter-webmvc-api-2.6.0.jar:/home/ksprateek/.m2/repository/org/springdoc/springdoc-openapi-starter-common/2.6.0/springdoc-openapi-starter-common-2.6.0.jar:/home/ksprateek/.m2/repository/io/swagger/core/v3/swagger-core-jakarta/2.2.22/swagger-core-jakarta-2.2.22.jar:/home/ksprateek/.m2/repository/org/apache/commons/commons-lang3/3.14.0/commons-lang3-3.14.0.jar:/home/ksprateek/.m2/repository/io/swagger/core/v3/swagger-annotations-jakarta/2.2.22/swagger-annotations-jakarta-2.2.22.jar:/home/ksprateek/.m2/repository/io/swagger/core/v3/swagger-models-jakarta/2.2.22/swagger-models-jakarta-2.2.22.jar:/home/ksprateek/.m2/repository/com/fasterxml/jackson/dataformat/jackson-dataformat-yaml/2.17.2/jackson-dataformat-yaml-2.17.2.jar:/home/ksprateek/.m2/repository/org/webjars/swagger-ui/5.17.14/swagger-ui-5.17.14.jar:/home/ksprateek/.m2/repository/org/springframework/boot/spring-boot-starter-security/3.3.5/spring-boot-starter-security-3.3.5.jar:/home/ksprateek/.m2/repository/org/springframework/spring-aop/6.1.14/spring-aop-6.1.14.jar:/home/ksprateek/.m2/repository/org/springframework/security/spring-security-config/6.3.4/spring-security-config-6.3.4.jar:/home/ksprateek/.m2/repository/org/springframework/security/spring-security-web/6.3.4/spring-security-web-6.3.4.jar:/home/ksprateek/.m2/repository/org/springframework/security/spring-security-test/6.3.4/spring-security-test-6.3.4.jar:/home/ksprateek/.m2/repository/org/springframework/security/spring-security-core/6.3.4/spring-security-core-6.3.4.jar:/home/ksprateek/.m2/repository/org/springframework/security/spring-security-crypto/6.3.4/spring-security-crypto-6.3.4.jar:/home/ksprateek/.m2/repository/io/jsonwebtoken/jjwt-api/0.11.5/jjwt-api-0.11.5.jar:/home/ksprateek/.m2/repository/io/jsonwebtoken/jjwt-impl/0.11.5/jjwt-impl-0.11.5.jar:/home/ksprateek/.m2/repository/io/jsonwebtoken/jjwt-jackson/0.11.5/jjwt-jackson-0.11.5.jar:/home/ksprateek/.m2/repository/com/fasterxml/jackson/core/jackson-databind/2.17.2/jackson-databind-2.17.2.jar:/home/ksprateek/.m2/repository/com/fasterxml/jackson/core/jackson-annotations/2.17.2/jackson-annotations-2.17.2.jar:/home/ksprateek/.m2/repository/com/fasterxml/jackson/core/jackson-core/2.17.2/jackson-core-2.17.2.jar:/home/ksprateek/.m2/repository/me/paulschwarz/spring-dotenv/2.5.4/spring-dotenv-2.5.4.jar:/home/ksprateek/.m2/repository/io/github/cdimascio/dotenv-java/2.2.3/dotenv-java-2.2.3.jar:/home/ksprateek/.m2/repository/org/springframework/boot/spring-boot-starter-mail/3.3.5/spring-boot-starter-mail-3.3.5.jar:/home/ksprateek/.m2/repository/org/springframework/spring-context-support/6.1.14/spring-context-support-6.1.14.jar:/home/ksprateek/.m2/repository/org/eclipse/angus/jakarta.mail/2.0.3/jakarta.mail-2.0.3.jar:/home/ksprateek/.m2/repository/org/eclipse/angus/angus-activation/2.0.2/angus-activation-2.0.2.jar:/home/ksprateek/.m2/repository/com/amazonaws/aws-java-sdk-sts/1.12.778/aws-java-sdk-sts-1.12.778.jar:/home/ksprateek/.m2/repository/com/amazonaws/aws-java-sdk-core/1.12.778/aws-java-sdk-core-1.12.778.jar:/home/ksprateek/.m2/repository/commons-logging/commons-logging/1.1.3/commons-logging-1.1.3.jar:/home/ksprateek/.m2/repository/commons-codec/commons-codec/1.16.1/commons-codec-1.16.1.jar:/home/ksprateek/.m2/repository/org/apache/httpcomponents/httpclient/4.5.13/httpclient-4.5.13.jar:/home/ksprateek/.m2/repository/org/apache/httpcomponents/httpcore/4.4.16/httpcore-4.4.16.jar:/home/ksprateek/.m2/repository/com/fasterxml/jackson/dataformat/jackson-dataformat-cbor/2.17.2/jackson-dataformat-cbor-2.17.2.jar:/home/ksprateek/.m2/repository/joda-time/joda-time/2.12.7/joda-time-2.12.7.jar:/home/ksprateek/.m2/repository/com/amazonaws/jmespath-java/1.12.778/jmespath-java-1.12.778.jar:/home/ksprateek/.m2/repository/com/amazonaws/aws-java-sdk-s3/1.11.759/aws-java-sdk-s3-1.11.759.jar:/home/ksprateek/.m2/repository/com/amazonaws/aws-java-sdk-kms/1.11.759/aws-java-sdk-kms-1.11.759.jar:/home/ksprateek/.m2/repository/com/amazonaws/aws-java-sdk-transcribe/1.11.759/aws-java-sdk-transcribe-1.11.759.jar:"/>
    <property name="sun.cpu.endian" value="little"/>
    <property name="user.home" value="/home/ksprateek"/>
    <property name="user.language" value="en"/>
    <property name="java.specification.vendor" value="Oracle Corporation"/>
    <property name="java.version.date" value="2024-01-16"/>
    <property name="java.home" value="/usr/lib/jvm/jdk-21-oracle-x64"/>
    <property name="file.separator" value="/"/>
    <property name="basedir" value="/home/ksprateek/Documents/SpringBootProject/spring-boot-external-projects/SIH-Finale-Dev/backend-server"/>
    <property name="java.vm.compressedOopsMode" value="32-bit"/>
    <property name="line.separator" value="&#10;"/>
    <property name="java.vm.specification.vendor" value="Oracle Corporation"/>
    <property name="java.specification.name" value="Java Platform API Specification"/>
    <property name="FILE_LOG_CHARSET" value="UTF-8"/>
    <property name="java.awt.headless" value="true"/>
    <property name="surefire.real.class.path" value="/home/ksprateek/Documents/SpringBootProject/spring-boot-external-projects/SIH-Finale-Dev/backend-server/target/surefire/surefirebooter-20241121211533678_3.jar"/>
    <property name="sun.management.compiler" value="HotSpot 64-Bit Tiered Compilers"/>
    <property name="java.runtime.version" value="21.0.2+13-LTS-58"/>
    <property name="user.name" value="ksprateek"/>
    <property name="stdout.encoding" value="UTF-8"/>
    <property name="path.separator" value=":"/>
    <property name="os.version" value="6.11.6-zabbly+"/>
    <property name="java.runtime.name" value="Java(TM) SE Runtime Environment"/>
    <property name="file.encoding" value="UTF-8"/>
    <property name="java.vm.name" value="Java HotSpot(TM) 64-Bit Server VM"/>
    <property name="localRepository" value="/home/ksprateek/.m2/repository"/>
    <property name="java.vendor.url.bug" value="https://bugreport.java.com/bugreport/"/>
    <property name="java.io.tmpdir" value="/tmp"/>
    <property name="java.version" value="21.0.2"/>
    <property name="user.dir" value="/home/ksprateek/Documents/SpringBootProject/spring-boot-external-projects/SIH-Finale-Dev/backend-server"/>
    <property name="os.arch" value="amd64"/>
    <property name="java.vm.specification.name" value="Java Virtual Machine Specification"/>
    <property name="PID" value="17509"/>
    <property name="CONSOLE_LOG_CHARSET" value="UTF-8"/>
    <property name="native.encoding" value="UTF-8"/>
    <property name="java.library.path" value="/usr/java/packages/lib:/usr/lib64:/lib64:/lib:/usr/lib"/>
    <property name="java.vm.info" value="mixed mode, sharing"/>
    <property name="stderr.encoding" value="UTF-8"/>
    <property name="java.vendor" value="Oracle Corporation"/>
    <property name="java.vm.version" value="21.0.2+13-LTS-58"/>
    <property name="sun.io.unicode.encoding" value="UnicodeLittle"/>
    <property name="java.class.version" value="65.0"/>
    <property name="LOGGED_APPLICATION_NAME" value="[service] "/>
  </properties>
  <testcase name="contextLoads" classname="studio.ksprateek.service.ServiceApplicationTests" time="0.819">
    <system-out><![CDATA[21:15:34.652 [main] INFO org.springframework.test.context.support.AnnotationConfigContextLoaderUtils -- Could not detect default configuration classes for test class [studio.ksprateek.service.ServiceApplicationTests]: ServiceApplicationTests does not declare any static, non-private, non-final, nested classes annotated with @Configuration.
21:15:34.781 [main] INFO org.springframework.boot.test.context.SpringBootTestContextBootstrapper -- Found @SpringBootConfiguration studio.ksprateek.service.ServiceApplication for test class studio.ksprateek.service.ServiceApplicationTests
21:15:35.009 [main] INFO org.springframework.boot.devtools.restart.RestartApplicationListener -- Restart disabled due to context in which it is running

  .   ____          _            __ _ _
 /\\ / ___'_ __ _ _(_)_ __  __ _ \ \ \ \
( ( )\___ | '_ | '_| | '_ \/ _` | \ \ \ \
 \\/  ___)| |_)| | | | | || (_| |  ) ) ) )
  '  |____| .__|_| |_|_| |_\__, | / / / /
 =========|_|==============|___/=/_/_/_/

 :: Spring Boot ::                (v3.3.5)

2024-11-21T21:15:35.540+05:30  INFO 17509 --- [service] [           main] m.p.springdotenv.DotenvPropertySource    : Initializing Dotenv with DotenvConfig{directory=null, filename=null, ignoreIfMalformed=false, ignoreIfMissing=true, systemProperties=false, prefix=null}
2024-11-21T21:15:35.574+05:30  INFO 17509 --- [service] [           main] s.k.service.ServiceApplicationTests      : Starting ServiceApplicationTests using Java 21.0.2 with PID 17509 (started by ksprateek in /home/ksprateek/Documents/SpringBootProject/spring-boot-external-projects/SIH-Finale-Dev/backend-server)
2024-11-21T21:15:35.575+05:30  INFO 17509 --- [service] [           main] s.k.service.ServiceApplicationTests      : No active profile set, falling back to 1 default profile: "default"
2024-11-21T21:15:36.761+05:30  INFO 17509 --- [service] [           main] .s.d.r.c.RepositoryConfigurationDelegate : Bootstrapping Spring Data MongoDB repositories in DEFAULT mode.
2024-11-21T21:15:36.820+05:30  INFO 17509 --- [service] [           main] .s.d.r.c.RepositoryConfigurationDelegate : Finished Spring Data repository scanning in 55 ms. Found 3 MongoDB repository interfaces.
2024-11-21T21:15:37.433+05:30  INFO 17509 --- [service] [           main] org.mongodb.driver.client                : MongoClient with metadata {"driver": {"name": "mongo-java-driver|sync|spring-boot", "version": "5.0.1"}, "os": {"type": "Linux", "name": "Linux", "architecture": "amd64", "version": "6.11.6-zabbly+"}, "platform": "Java/Oracle Corporation/21.0.2+13-LTS-58"} created with settings MongoClientSettings{readPreference=primary, writeConcern=WriteConcern{w=null, wTimeout=null ms, journal=null}, retryWrites=true, retryReads=true, readConcern=ReadConcern{level=null}, credential=MongoCredential{mechanism=null, userName='turbounicorn', source='admin', password=<hidden>, mechanismProperties=<hidden>}, transportSettings=null, commandListeners=[], codecRegistry=ProvidersCodecRegistry{codecProviders=[ValueCodecProvider{}, BsonValueCodecProvider{}, DBRefCodecProvider{}, DBObjectCodecProvider{}, DocumentCodecProvider{}, CollectionCodecProvider{}, IterableCodecProvider{}, MapCodecProvider{}, GeoJsonCodecProvider{}, GridFSFileCodecProvider{}, Jsr310CodecProvider{}, JsonObjectCodecProvider{}, BsonCodecProvider{}, EnumCodecProvider{}, com.mongodb.client.model.mql.ExpressionCodecProvider@66e827a8, com.mongodb.Jep395RecordCodecProvider@5bb911c1, com.mongodb.KotlinCodecProvider@6a55594b]}, loggerSettings=LoggerSettings{maxDocumentLength=1000}, clusterSettings={hosts=[127.0.0.1:27017], srvHost=sih-cluster.clkcp.mongodb.net, srvServiceName=mongodb, mode=MULTIPLE, requiredClusterType=REPLICA_SET, requiredReplicaSetName='atlas-s4oy5n-shard-0', serverSelector='null', clusterListeners='[]', serverSelectionTimeout='30000 ms', localThreshold='15 ms'}, socketSettings=SocketSettings{connectTimeoutMS=10000, readTimeoutMS=0, receiveBufferSize=0, proxySettings=ProxySettings{host=null, port=null, username=null, password=null}}, heartbeatSocketSettings=SocketSettings{connectTimeoutMS=10000, readTimeoutMS=10000, receiveBufferSize=0, proxySettings=ProxySettings{host=null, port=null, username=null, password=null}}, connectionPoolSettings=ConnectionPoolSettings{maxSize=100, minSize=0, maxWaitTimeMS=120000, maxConnectionLifeTimeMS=0, maxConnectionIdleTimeMS=0, maintenanceInitialDelayMS=0, maintenanceFrequencyMS=60000, connectionPoolListeners=[], maxConnecting=2}, serverSettings=ServerSettings{heartbeatFrequencyMS=10000, minHeartbeatFrequencyMS=500, serverListeners='[]', serverMonitorListeners='[]'}, sslSettings=SslSettings{enabled=true, invalidHostNameAllowed=false, context=null}, applicationName='null', compressorList=[], uuidRepresentation=JAVA_LEGACY, serverApi=null, autoEncryptionSettings=null, dnsClient=null, inetAddressResolver=null, contextProvider=null}
2024-11-21T21:15:37.695+05:30  INFO 17509 --- [service] [kcp.mongodb.net] org.mongodb.driver.cluster               : Adding discovered server sih-cluster-shard-00-01.clkcp.mongodb.net:27017 to client view of cluster
2024-11-21T21:15:37.728+05:30  INFO 17509 --- [service] [kcp.mongodb.net] org.mongodb.driver.cluster               : Adding discovered server sih-cluster-shard-00-02.clkcp.mongodb.net:27017 to client view of cluster
2024-11-21T21:15:37.732+05:30  INFO 17509 --- [service] [kcp.mongodb.net] org.mongodb.driver.cluster               : Adding discovered server sih-cluster-shard-00-00.clkcp.mongodb.net:27017 to client view of cluster
2024-11-21T21:15:37.952+05:30  INFO 17509 --- [service] [           main] eAuthenticationProviderManagerConfigurer : Global AuthenticationManager configured with AuthenticationProvider bean with name authenticationProvider
2024-11-21T21:15:37.953+05:30  WARN 17509 --- [service] [           main] r$InitializeUserDetailsManagerConfigurer : Global AuthenticationManager configured with an AuthenticationProvider bean. UserDetailsService beans will not be used for username/password login. Consider removing the AuthenticationProvider bean. Alternatively, consider using the UserDetailsService in a manually instantiated DaoAuthenticationProvider.
2024-11-21T21:15:38.015+05:30 DEBUG 17509 --- [service] [           main] .PrePostAnnotationSecurityMetadataSource : @org.springframework.security.access.prepost.PreAuthorize("hasRole(\'USER\') or hasRole(\'MODERATOR\') or hasRole(\'ADMIN\')") found on specific method: public java.lang.String studio.ksprateek.service.controller.TestController.userAccess()
2024-11-21T21:15:38.018+05:30 DEBUG 17509 --- [service] [           main] m.DelegatingMethodSecurityMetadataSource : Caching method [CacheKey[studio.ksprateek.service.controller.TestController; public java.lang.String studio.ksprateek.service.controller.TestController.userAccess()]] with attributes [[authorize: 'hasRole('USER') or hasRole('MODERATOR') or hasRole('ADMIN')', filter: 'null', filterTarget: 'null']]
2024-11-21T21:15:38.034+05:30 DEBUG 17509 --- [service] [           main] .PrePostAnnotationSecurityMetadataSource : @org.springframework.security.access.prepost.PreAuthorize("hasRole(\'MODERATOR\')") found on specific method: public java.lang.String studio.ksprateek.service.controller.TestController.moderatorAccess()
2024-11-21T21:15:38.035+05:30 DEBUG 17509 --- [service] [           main] m.DelegatingMethodSecurityMetadataSource : Caching method [CacheKey[studio.ksprateek.service.controller.TestController; public java.lang.String studio.ksprateek.service.controller.TestController.moderatorAccess()]] with attributes [[authorize: 'hasRole('MODERATOR')', filter: 'null', filterTarget: 'null']]
2024-11-21T21:15:38.035+05:30 DEBUG 17509 --- [service] [           main] .PrePostAnnotationSecurityMetadataSource : @org.springframework.security.access.prepost.PreAuthorize("hasRole(\'ADMIN\')") found on specific method: public java.lang.String studio.ksprateek.service.controller.TestController.adminAccess()
2024-11-21T21:15:38.036+05:30 DEBUG 17509 --- [service] [           main] m.DelegatingMethodSecurityMetadataSource : Caching method [CacheKey[studio.ksprateek.service.controller.TestController; public java.lang.String studio.ksprateek.service.controller.TestController.adminAccess()]] with attributes [[authorize: 'hasRole('ADMIN')', filter: 'null', filterTarget: 'null']]
2024-11-21T21:15:38.540+05:30 DEBUG 17509 --- [service] [           main] o.s.s.web.DefaultSecurityFilterChain     : Will secure any request with filters: DisableEncodeUrlFilter, WebAsyncManagerIntegrationFilter, SecurityContextHolderFilter, HeaderWriterFilter, LogoutFilter, AuthTokenFilter, RequestCacheAwareFilter, SecurityContextHolderAwareRequestFilter, AnonymousAuthenticationFilter, SessionManagementFilter, ExceptionTranslationFilter, AuthorizationFilter
2024-11-21T21:15:38.823+05:30  INFO 17509 --- [service] [ngodb.net:27017] org.mongodb.driver.cluster               : Monitor thread successfully connected to server with description ServerDescription{address=sih-cluster-shard-00-02.clkcp.mongodb.net:27017, type=REPLICA_SET_SECONDARY, state=CONNECTED, ok=true, minWireVersion=0, maxWireVersion=25, maxDocumentSize=16777216, logicalSessionTimeoutMinutes=30, roundTripTimeNanos=405160977, setName='atlas-s4oy5n-shard-0', canonicalAddress=sih-cluster-shard-00-02.clkcp.mongodb.net:27017, hosts=[sih-cluster-shard-00-01.clkcp.mongodb.net:27017, sih-cluster-shard-00-02.clkcp.mongodb.net:27017, sih-cluster-shard-00-00.clkcp.mongodb.net:27017], passives=[], arbiters=[], primary='sih-cluster-shard-00-01.clkcp.mongodb.net:27017', tagSet=TagSet{[Tag{name='availabilityZone', value='aps1-az2'}, Tag{name='diskState', value='READY'}, Tag{name='nodeType', value='ELECTABLE'}, Tag{name='provider', value='AWS'}, Tag{name='region', value='AP_SOUTH_1'}, Tag{name='workloadType', value='OPERATIONAL'}]}, electionId=null, setVersion=164, topologyVersion=TopologyVersion{processId=673b603f6c0a5924a4a7d68c, counter=4}, lastWriteDate=Thu Nov 21 21:15:38 IST 2024, lastUpdateTimeNanos=711790466240}
2024-11-21T21:15:38.823+05:30  INFO 17509 --- [service] [ngodb.net:27017] org.mongodb.driver.cluster               : Monitor thread successfully connected to server with description ServerDescription{address=sih-cluster-shard-00-00.clkcp.mongodb.net:27017, type=REPLICA_SET_SECONDARY, state=CONNECTED, ok=true, minWireVersion=0, maxWireVersion=25, maxDocumentSize=16777216, logicalSessionTimeoutMinutes=30, roundTripTimeNanos=391685356, setName='atlas-s4oy5n-shard-0', canonicalAddress=sih-cluster-shard-00-00.clkcp.mongodb.net:27017, hosts=[sih-cluster-shard-00-01.clkcp.mongodb.net:27017, sih-cluster-shard-00-02.clkcp.mongodb.net:27017, sih-cluster-shard-00-00.clkcp.mongodb.net:27017], passives=[], arbiters=[], primary='sih-cluster-shard-00-01.clkcp.mongodb.net:27017', tagSet=TagSet{[Tag{name='availabilityZone', value='aps1-az1'}, Tag{name='diskState', value='READY'}, Tag{name='nodeType', value='ELECTABLE'}, Tag{name='provider', value='AWS'}, Tag{name='region', value='AP_SOUTH_1'}, Tag{name='workloadType', value='OPERATIONAL'}]}, electionId=null, setVersion=164, topologyVersion=TopologyVersion{processId=673b5fac6fad6c8a65a89590, counter=5}, lastWriteDate=Thu Nov 21 21:15:38 IST 2024, lastUpdateTimeNanos=711793843248}
2024-11-21T21:15:38.859+05:30  INFO 17509 --- [service] [ngodb.net:27017] org.mongodb.driver.cluster               : Monitor thread successfully connected to server with description ServerDescription{address=sih-cluster-shard-00-01.clkcp.mongodb.net:27017, type=REPLICA_SET_PRIMARY, state=CONNECTED, ok=true, minWireVersion=0, maxWireVersion=25, maxDocumentSize=16777216, logicalSessionTimeoutMinutes=30, roundTripTimeNanos=291819322, setName='atlas-s4oy5n-shard-0', canonicalAddress=sih-cluster-shard-00-01.clkcp.mongodb.net:27017, hosts=[sih-cluster-shard-00-01.clkcp.mongodb.net:27017, sih-cluster-shard-00-02.clkcp.mongodb.net:27017, sih-cluster-shard-00-00.clkcp.mongodb.net:27017], passives=[], arbiters=[], primary='sih-cluster-shard-00-01.clkcp.mongodb.net:27017', tagSet=TagSet{[Tag{name='availabilityZone', value='aps1-az3'}, Tag{name='diskState', value='READY'}, Tag{name='nodeType', value='ELECTABLE'}, Tag{name='provider', value='AWS'}, Tag{name='region', value='AP_SOUTH_1'}, Tag{name='workloadType', value='OPERATIONAL'}]}, electionId=7fffffff00000000000001fe, setVersion=164, topologyVersion=TopologyVersion{processId=673b5ff65f8da0c0830f32d9, counter=7}, lastWriteDate=Thu Nov 21 21:15:38 IST 2024, lastUpdateTimeNanos=711829609483}
2024-11-21T21:15:38.860+05:30  INFO 17509 --- [service] [ngodb.net:27017] org.mongodb.driver.cluster               : Discovered replica set primary sih-cluster-shard-00-01.clkcp.mongodb.net:27017 with max election id 7fffffff00000000000001fe and max set version 164
2024-11-21T21:15:39.076+05:30  INFO 17509 --- [service] [           main] s.k.service.ServiceApplicationTests      : Started ServiceApplicationTests in 4.081 seconds (process running for 5.331)
]]></system-out>
    <system-err><![CDATA[WARNING: A Java agent has been loaded dynamically (/home/ksprateek/.m2/repository/net/bytebuddy/byte-buddy-agent/1.14.19/byte-buddy-agent-1.14.19.jar)
WARNING: If a serviceability tool is in use, please run with -XX:+EnableDynamicAgentLoading to hide this warning
WARNING: If a serviceability tool is not in use, please run with -Djdk.instrument.traceUsage for more information
WARNING: Dynamic loading of agents will be disallowed by default in a future release
]]></system-err>
  </testcase>
</testsuite>